[2021-11-16 19:24:35] app.INFO: Protect vendor folder in module contactform [] []
[2021-11-16 19:24:35] app.INFO: Module contactform has no vendor folder [] []
[2021-11-16 19:24:35] app.INFO: Protect vendor folder in module dashactivity [] []
[2021-11-16 19:24:35] app.INFO: Module dashactivity has no vendor folder [] []
[2021-11-16 19:24:35] app.INFO: Protect vendor folder in module dashgoals [] []
[2021-11-16 19:24:35] app.INFO: Module dashgoals has no vendor folder [] []
[2021-11-16 19:24:35] app.INFO: Protect vendor folder in module dashproducts [] []
[2021-11-16 19:24:35] app.INFO: Module dashproducts has no vendor folder [] []
[2021-11-16 19:24:35] app.INFO: Protect vendor folder in module dashtrends [] []
[2021-11-16 19:24:35] app.INFO: Module dashtrends has no vendor folder [] []
[2021-11-16 19:24:35] app.INFO: Protect vendor folder in module graphnvd3 [] []
[2021-11-16 19:24:35] app.INFO: Module graphnvd3 has no vendor folder [] []
[2021-11-16 19:24:35] app.INFO: Protect vendor folder in module gridhtml [] []
[2021-11-16 19:24:35] app.INFO: Module gridhtml has no vendor folder [] []
[2021-11-16 19:24:35] app.INFO: Protect vendor folder in module gsitemap [] []
[2021-11-16 19:24:35] app.INFO: Module gsitemap has no vendor folder [] []
[2021-11-16 19:24:35] app.INFO: Protect vendor folder in module pagesnotfound [] []
[2021-11-16 19:24:35] app.INFO: Module pagesnotfound has no vendor folder [] []
[2021-11-16 19:24:35] app.INFO: Protect vendor folder in module productcomments [] []
[2021-11-16 19:24:35] app.INFO: Module productcomments has no vendor folder [] []
[2021-11-16 19:24:36] app.INFO: Protect vendor folder in module ps_banner [] []
[2021-11-16 19:24:36] app.INFO: Module ps_banner has no vendor folder [] []
[2021-11-16 19:24:36] app.INFO: Protect vendor folder in module ps_categorytree [] []
[2021-11-16 19:24:36] app.INFO: Module ps_categorytree has no vendor folder [] []
[2021-11-16 19:24:36] app.INFO: Protect vendor folder in module ps_checkpayment [] []
[2021-11-16 19:24:36] app.INFO: Module ps_checkpayment has no vendor folder [] []
[2021-11-16 19:24:36] app.INFO: Protect vendor folder in module ps_contactinfo [] []
[2021-11-16 19:24:36] app.INFO: Module ps_contactinfo has no vendor folder [] []
[2021-11-16 19:24:36] app.INFO: Protect vendor folder in module ps_crossselling [] []
[2021-11-16 19:24:36] app.INFO: Module ps_crossselling has no vendor folder [] []
[2021-11-16 19:24:36] app.INFO: Protect vendor folder in module ps_currencyselector [] []
[2021-11-16 19:24:36] app.INFO: Module ps_currencyselector has no vendor folder [] []
[2021-11-16 19:24:36] app.INFO: Protect vendor folder in module ps_customeraccountlinks [] []
[2021-11-16 19:24:36] app.INFO: Module ps_customeraccountlinks has no vendor folder [] []
[2021-11-16 19:24:36] app.INFO: Protect vendor folder in module ps_customersignin [] []
[2021-11-16 19:24:36] app.INFO: Module ps_customersignin has no vendor folder [] []
[2021-11-16 19:24:36] app.INFO: Protect vendor folder in module ps_customtext [] []
[2021-11-16 19:24:36] app.INFO: Module ps_customtext has no vendor folder [] []
[2021-11-16 19:24:36] app.INFO: Protect vendor folder in module ps_dataprivacy [] []
[2021-11-16 19:24:36] app.INFO: Module ps_dataprivacy has no vendor folder [] []
[2021-11-16 19:24:36] app.INFO: Protect vendor folder in module ps_emailsubscription [] []
[2021-11-16 19:24:36] app.INFO: Module ps_emailsubscription has no vendor folder [] []
[2021-11-16 19:24:37] app.INFO: Protect vendor folder in module ps_facetedsearch [] []
[2021-11-16 19:24:37] app.INFO: Module ps_facetedsearch has no vendor folder [] []
[2021-11-16 19:24:37] app.INFO: Protect vendor folder in module ps_faviconnotificationbo [] []
[2021-11-16 19:24:37] app.INFO: Module ps_faviconnotificationbo has no vendor folder [] []
[2021-11-16 19:24:37] app.INFO: Protect vendor folder in module ps_featuredproducts [] []
[2021-11-16 19:24:37] app.INFO: Module ps_featuredproducts has no vendor folder [] []
[2021-11-16 19:24:37] app.INFO: Protect vendor folder in module ps_imageslider [] []
[2021-11-16 19:24:37] app.INFO: Module ps_imageslider has no vendor folder [] []
[2021-11-16 19:24:37] app.INFO: Protect vendor folder in module ps_languageselector [] []
[2021-11-16 19:24:37] app.INFO: Module ps_languageselector has no vendor folder [] []
[2021-11-16 19:24:37] app.INFO: Protect vendor folder in module ps_linklist [] []
[2021-11-16 19:24:37] app.INFO: Module ps_linklist has no vendor folder [] []
[2021-11-16 19:24:37] app.ERROR: Cannot register tab "AdminLinkWidget" because it already exists [] []
[2021-11-16 19:24:37] app.INFO: Protect vendor folder in module ps_mainmenu [] []
[2021-11-16 19:24:37] app.INFO: Module ps_mainmenu has no vendor folder [] []
[2021-11-16 19:24:38] app.INFO: Protect vendor folder in module ps_searchbar [] []
[2021-11-16 19:24:38] app.INFO: Module ps_searchbar has no vendor folder [] []
[2021-11-16 19:24:38] app.INFO: Protect vendor folder in module ps_sharebuttons [] []
[2021-11-16 19:24:38] app.INFO: Module ps_sharebuttons has no vendor folder [] []
[2021-11-16 19:24:38] app.INFO: Protect vendor folder in module ps_shoppingcart [] []
[2021-11-16 19:24:38] app.INFO: Module ps_shoppingcart has no vendor folder [] []
[2021-11-16 19:24:38] app.INFO: Protect vendor folder in module ps_socialfollow [] []
[2021-11-16 19:24:38] app.INFO: Module ps_socialfollow has no vendor folder [] []
[2021-11-16 19:24:38] app.INFO: Protect vendor folder in module ps_themecusto [] []
[2021-11-16 19:24:38] app.INFO: Module ps_themecusto has no vendor folder [] []
[2021-11-16 19:24:38] app.INFO: Protect vendor folder in module ps_wirepayment [] []
[2021-11-16 19:24:38] app.INFO: Module ps_wirepayment has no vendor folder [] []
[2021-11-16 19:24:38] app.INFO: Protect vendor folder in module sekeywords [] []
[2021-11-16 19:24:38] app.INFO: Module sekeywords has no vendor folder [] []
[2021-11-16 19:24:38] app.INFO: Protect vendor folder in module statsbestcategories [] []
[2021-11-16 19:24:38] app.INFO: Module statsbestcategories has no vendor folder [] []
[2021-11-16 19:24:38] app.INFO: Protect vendor folder in module statsbestcustomers [] []
[2021-11-16 19:24:38] app.INFO: Module statsbestcustomers has no vendor folder [] []
[2021-11-16 19:24:38] app.INFO: Protect vendor folder in module statsbestproducts [] []
[2021-11-16 19:24:38] app.INFO: Module statsbestproducts has no vendor folder [] []
[2021-11-16 19:24:38] app.INFO: Protect vendor folder in module statsbestsuppliers [] []
[2021-11-16 19:24:38] app.INFO: Module statsbestsuppliers has no vendor folder [] []
[2021-11-16 19:24:38] app.INFO: Protect vendor folder in module statsbestvouchers [] []
[2021-11-16 19:24:38] app.INFO: Module statsbestvouchers has no vendor folder [] []
[2021-11-16 19:24:38] app.INFO: Protect vendor folder in module statscarrier [] []
[2021-11-16 19:24:38] app.INFO: Module statscarrier has no vendor folder [] []
[2021-11-16 19:24:38] app.INFO: Protect vendor folder in module statscatalog [] []
[2021-11-16 19:24:38] app.INFO: Module statscatalog has no vendor folder [] []
[2021-11-16 19:24:38] app.INFO: Protect vendor folder in module statscheckup [] []
[2021-11-16 19:24:38] app.INFO: Module statscheckup has no vendor folder [] []
[2021-11-16 19:24:38] app.INFO: Protect vendor folder in module statsdata [] []
[2021-11-16 19:24:38] app.INFO: Module statsdata has no vendor folder [] []
[2021-11-16 19:24:38] app.INFO: Protect vendor folder in module statsequipment [] []
[2021-11-16 19:24:38] app.INFO: Module statsequipment has no vendor folder [] []
[2021-11-16 19:24:38] app.INFO: Protect vendor folder in module statsforecast [] []
[2021-11-16 19:24:38] app.INFO: Module statsforecast has no vendor folder [] []
[2021-11-16 19:24:38] app.INFO: Protect vendor folder in module statslive [] []
[2021-11-16 19:24:38] app.INFO: Module statslive has no vendor folder [] []
[2021-11-16 19:24:38] app.INFO: Protect vendor folder in module statsnewsletter [] []
[2021-11-16 19:24:38] app.INFO: Module statsnewsletter has no vendor folder [] []
[2021-11-16 19:24:39] app.INFO: Protect vendor folder in module statsorigin [] []
[2021-11-16 19:24:39] app.INFO: Module statsorigin has no vendor folder [] []
[2021-11-16 19:24:39] app.INFO: Protect vendor folder in module statspersonalinfos [] []
[2021-11-16 19:24:39] app.INFO: Module statspersonalinfos has no vendor folder [] []
[2021-11-16 19:24:39] app.INFO: Protect vendor folder in module statsproduct [] []
[2021-11-16 19:24:39] app.INFO: Module statsproduct has no vendor folder [] []
[2021-11-16 19:24:39] app.INFO: Protect vendor folder in module statsregistrations [] []
[2021-11-16 19:24:39] app.INFO: Module statsregistrations has no vendor folder [] []
[2021-11-16 19:24:39] app.INFO: Protect vendor folder in module statssales [] []
[2021-11-16 19:24:39] app.INFO: Module statssales has no vendor folder [] []
[2021-11-16 19:24:39] app.INFO: Protect vendor folder in module statssearch [] []
[2021-11-16 19:24:39] app.INFO: Module statssearch has no vendor folder [] []
[2021-11-16 19:24:39] app.INFO: Protect vendor folder in module statsstock [] []
[2021-11-16 19:24:39] app.INFO: Module statsstock has no vendor folder [] []
[2021-11-16 19:24:39] app.INFO: Protect vendor folder in module statsvisits [] []
[2021-11-16 19:24:39] app.INFO: Module statsvisits has no vendor folder [] []
[2021-11-16 19:24:39] app.INFO: Protect vendor folder in module welcome [] []
[2021-11-16 19:24:39] app.INFO: Module welcome has no vendor folder [] []
[2021-11-16 19:24:40] app.INFO: Exporting mail with theme modern for language Polski (Polish) [] []
[2021-11-16 19:24:40] app.INFO: Core output folder: /var/www/html/mails [] []
[2021-11-16 19:24:40] app.INFO: Modules output folder: /var/www/html/modules/ [] []
[2021-11-18 19:24:41] request.INFO: Matched route "admin_product_form". {"route":"admin_product_form","route_parameters":{"_controller":"PrestaShopBundle\\Controller\\Admin\\ProductController::formAction","_legacy_controller":"AdminProducts","_legacy_param_mapper_class":"PrestaShop\\PrestaShop\\Adapter\\Product\\AdminProductDataProvider","_legacy_param_mapper_method":"mapLegacyParametersProductForm","id":"125","_route":"admin_product_form"},"request_uri":"https://localhost/admin52450iqko/index.php/sell/catalog/products/125?_token=d7GGZ-Af1AbfgYBh0ziD_D5JBC8RFUfF2uXF3sg1M6g","method":"GET"} []
[2021-11-18 19:24:41] security.DEBUG: Read existing security token from the session. {"key":"_security_main","token_class":"Symfony\\Component\\Security\\Core\\Authentication\\Token\\UsernamePasswordToken"} []
[2021-11-18 19:24:41] security.DEBUG: User was reloaded from a user provider. {"provider":"PrestaShopBundle\\Security\\Admin\\EmployeeProvider","username":"admin@rsites.pl"} []
[2021-11-18 19:24:42] app.ERROR: Data from PrestaShop Addons is invalid, and cannot fallback on cache.  {"exception":"Unable to parse request"} []
[2021-11-18 19:24:42] security.DEBUG: Stored the security token in the session. {"key":"_security_main"} []
[2021-11-18 19:30:09] request.INFO: Matched route "admin_mbo_recommended_modules". {"route":"admin_mbo_recommended_modules","route_parameters":{"_controller":"mbo.controller.modules.recommended:indexAction","_legacy_controller":"AdminPsMboRecommended","_legacy_link":"AdminPsMboRecommended","_route":"admin_mbo_recommended_modules"},"request_uri":"https://localhost/admin52450iqko/index.php/modules/addons/modules/recommended?_token=d7GGZ-Af1AbfgYBh0ziD_D5JBC8RFUfF2uXF3sg1M6g&tabClassName=AdminCategories","method":"GET"} []
[2021-11-18 19:30:09] security.DEBUG: Read existing security token from the session. {"key":"_security_main","token_class":"Symfony\\Component\\Security\\Core\\Authentication\\Token\\UsernamePasswordToken"} []
[2021-11-18 19:30:09] security.DEBUG: User was reloaded from a user provider. {"provider":"PrestaShopBundle\\Security\\Admin\\EmployeeProvider","username":"admin@rsites.pl"} []
[2021-11-18 19:30:09] app.ERROR: Data from PrestaShop Addons is invalid, and cannot fallback on cache.  {"exception":"Unable to parse request"} []
[2021-11-18 19:30:10] security.DEBUG: Stored the security token in the session. {"key":"_security_main"} []
[2021-11-18 19:30:19] request.INFO: Matched route "admin_module_manage". {"route":"admin_module_manage","route_parameters":{"category":null,"keyword":null,"_controller":"PrestaShopBundle\\Controller\\Admin\\Improve\\ModuleController::manageAction","_legacy_controller":"AdminModulesManage","_legacy_link":["AdminModulesManage","AdminModulesSf"],"_route":"admin_module_manage"},"request_uri":"https://localhost/admin52450iqko/index.php/improve/modules/manage?_token=d7GGZ-Af1AbfgYBh0ziD_D5JBC8RFUfF2uXF3sg1M6g","method":"GET"} []
[2021-11-18 19:30:19] security.DEBUG: Read existing security token from the session. {"key":"_security_main","token_class":"Symfony\\Component\\Security\\Core\\Authentication\\Token\\UsernamePasswordToken"} []
[2021-11-18 19:30:19] security.DEBUG: User was reloaded from a user provider. {"provider":"PrestaShopBundle\\Security\\Admin\\EmployeeProvider","username":"admin@rsites.pl"} []
[2021-11-18 19:30:19] app.ERROR: Data from PrestaShop Addons is invalid, and cannot fallback on cache.  {"exception":"Unable to parse request"} []
[2021-11-18 19:30:19] security.DEBUG: Stored the security token in the session. {"key":"_security_main"} []
[2021-11-18 19:30:21] request.INFO: Matched route "admin_module_notification_count". {"route":"admin_module_notification_count","route_parameters":{"_controller":"PrestaShopBundle\\Controller\\Admin\\Improve\\Modules\\AlertsController::notificationsCountAction","_legacy_controller":"AdminModulesNotifications","_legacy_link":"AdminModulesNotifications:count","_route":"admin_module_notification_count"},"request_uri":"https://localhost/admin52450iqko/index.php/improve/modules/alerts/count?_token=d7GGZ-Af1AbfgYBh0ziD_D5JBC8RFUfF2uXF3sg1M6g","method":"GET"} []
[2021-11-18 19:30:21] security.DEBUG: Read existing security token from the session. {"key":"_security_main","token_class":"Symfony\\Component\\Security\\Core\\Authentication\\Token\\UsernamePasswordToken"} []
[2021-11-18 19:30:21] security.DEBUG: User was reloaded from a user provider. {"provider":"PrestaShopBundle\\Security\\Admin\\EmployeeProvider","username":"admin@rsites.pl"} []
[2021-11-18 19:30:21] app.ERROR: Data from PrestaShop Addons is invalid, and cannot fallback on cache.  {"exception":"Unable to parse request"} []
[2021-11-18 19:30:21] security.DEBUG: Stored the security token in the session. {"key":"_security_main"} []
[2021-11-18 19:30:48] request.INFO: Matched route "admin_product_form". {"route":"admin_product_form","route_parameters":{"_controller":"PrestaShopBundle\\Controller\\Admin\\ProductController::formAction","_legacy_controller":"AdminProducts","_legacy_param_mapper_class":"PrestaShop\\PrestaShop\\Adapter\\Product\\AdminProductDataProvider","_legacy_param_mapper_method":"mapLegacyParametersProductForm","id":"120","_route":"admin_product_form"},"request_uri":"https://localhost/admin52450iqko/index.php/sell/catalog/products/120?_token=d7GGZ-Af1AbfgYBh0ziD_D5JBC8RFUfF2uXF3sg1M6g","method":"GET"} []
[2021-11-18 19:30:48] security.DEBUG: Read existing security token from the session. {"key":"_security_main","token_class":"Symfony\\Component\\Security\\Core\\Authentication\\Token\\UsernamePasswordToken"} []
[2021-11-18 19:30:48] security.DEBUG: User was reloaded from a user provider. {"provider":"PrestaShopBundle\\Security\\Admin\\EmployeeProvider","username":"admin@rsites.pl"} []
[2021-11-18 19:30:48] app.ERROR: Data from PrestaShop Addons is invalid, and cannot fallback on cache.  {"exception":"Unable to parse request"} []
[2021-11-18 19:30:48] security.DEBUG: Stored the security token in the session. {"key":"_security_main"} []
[2021-11-18 19:32:18] request.INFO: Matched route "admin_module_manage". {"route":"admin_module_manage","route_parameters":{"category":null,"keyword":null,"_controller":"PrestaShopBundle\\Controller\\Admin\\Improve\\ModuleController::manageAction","_legacy_controller":"AdminModulesManage","_legacy_link":["AdminModulesManage","AdminModulesSf"],"_route":"admin_module_manage"},"request_uri":"https://localhost/admin52450iqko/index.php/improve/modules/manage?_token=d7GGZ-Af1AbfgYBh0ziD_D5JBC8RFUfF2uXF3sg1M6g","method":"GET"} []
[2021-11-18 19:32:18] security.DEBUG: Read existing security token from the session. {"key":"_security_main","token_class":"Symfony\\Component\\Security\\Core\\Authentication\\Token\\UsernamePasswordToken"} []
[2021-11-18 19:32:18] security.DEBUG: User was reloaded from a user provider. {"provider":"PrestaShopBundle\\Security\\Admin\\EmployeeProvider","username":"admin@rsites.pl"} []
[2021-11-18 19:32:18] app.ERROR: Data from PrestaShop Addons is invalid, and cannot fallback on cache.  {"exception":"Unable to parse request"} []
[2021-11-18 19:32:18] security.DEBUG: Stored the security token in the session. {"key":"_security_main"} []
[2021-11-18 19:32:19] request.INFO: Matched route "admin_module_notification_count". {"route":"admin_module_notification_count","route_parameters":{"_controller":"PrestaShopBundle\\Controller\\Admin\\Improve\\Modules\\AlertsController::notificationsCountAction","_legacy_controller":"AdminModulesNotifications","_legacy_link":"AdminModulesNotifications:count","_route":"admin_module_notification_count"},"request_uri":"https://localhost/admin52450iqko/index.php/improve/modules/alerts/count?_token=d7GGZ-Af1AbfgYBh0ziD_D5JBC8RFUfF2uXF3sg1M6g","method":"GET"} []
[2021-11-18 19:32:20] security.DEBUG: Read existing security token from the session. {"key":"_security_main","token_class":"Symfony\\Component\\Security\\Core\\Authentication\\Token\\UsernamePasswordToken"} []
[2021-11-18 19:32:20] security.DEBUG: User was reloaded from a user provider. {"provider":"PrestaShopBundle\\Security\\Admin\\EmployeeProvider","username":"admin@rsites.pl"} []
[2021-11-18 19:32:20] app.ERROR: Data from PrestaShop Addons is invalid, and cannot fallback on cache.  {"exception":"Unable to parse request"} []
[2021-11-18 19:32:20] security.DEBUG: Stored the security token in the session. {"key":"_security_main"} []
[2021-11-18 19:35:44] request.INFO: Matched route "admin_module_notification_count". {"route":"admin_module_notification_count","route_parameters":{"_controller":"PrestaShopBundle\\Controller\\Admin\\Improve\\Modules\\AlertsController::notificationsCountAction","_legacy_controller":"AdminModulesNotifications","_legacy_link":"AdminModulesNotifications:count","_route":"admin_module_notification_count"},"request_uri":"https://localhost/admin52450iqko/index.php/improve/modules/alerts/count?_token=d7GGZ-Af1AbfgYBh0ziD_D5JBC8RFUfF2uXF3sg1M6g","method":"GET"} []
[2021-11-18 19:35:44] security.DEBUG: Read existing security token from the session. {"key":"_security_main","token_class":"Symfony\\Component\\Security\\Core\\Authentication\\Token\\UsernamePasswordToken"} []
[2021-11-18 19:35:44] security.DEBUG: User was reloaded from a user provider. {"provider":"PrestaShopBundle\\Security\\Admin\\EmployeeProvider","username":"admin@rsites.pl"} []
[2021-11-18 19:35:44] app.ERROR: Data from PrestaShop Addons is invalid, and cannot fallback on cache.  {"exception":"Unable to parse request"} []
[2021-11-18 19:35:44] security.DEBUG: Stored the security token in the session. {"key":"_security_main"} []
[2021-11-18 19:35:44] request.INFO: Matched route "admin_module_catalog_refresh". {"route":"admin_module_catalog_refresh","route_parameters":{"category":null,"keyword":null,"_controller":"PrestaShopBundle\\Controller\\Admin\\Improve\\ModuleController::refreshCatalogAction","_legacy_controller":"AdminModulesCatalog","_legacy_link":"AdminModulesCatalog:refresh","_route":"admin_module_catalog_refresh"},"request_uri":"https://localhost/admin52450iqko/index.php/improve/modules/catalog/refresh?_token=d7GGZ-Af1AbfgYBh0ziD_D5JBC8RFUfF2uXF3sg1M6g","method":"GET"} []
[2021-11-18 19:35:45] security.DEBUG: Read existing security token from the session. {"key":"_security_main","token_class":"Symfony\\Component\\Security\\Core\\Authentication\\Token\\UsernamePasswordToken"} []
[2021-11-18 19:35:45] security.DEBUG: User was reloaded from a user provider. {"provider":"PrestaShopBundle\\Security\\Admin\\EmployeeProvider","username":"admin@rsites.pl"} []
[2021-11-18 19:35:45] app.ERROR: Data from PrestaShop Addons is invalid, and cannot fallback on cache.  {"exception":"Unable to parse request"} []
[2021-11-18 19:35:45] security.DEBUG: Stored the security token in the session. {"key":"_security_main"} []
[2021-11-18 19:35:56] request.INFO: Matched route "admin_module_manage_action". {"route":"admin_module_manage_action","route_parameters":{"_controller":"PrestaShopBundle\\Controller\\Admin\\Improve\\ModuleController::moduleAction","action":"install","module_name":"ps_specials","_route":"admin_module_manage_action"},"request_uri":"https://localhost/admin52450iqko/index.php/improve/modules/manage/action/install/ps_specials?_token=d7GGZ-Af1AbfgYBh0ziD_D5JBC8RFUfF2uXF3sg1M6g","method":"POST"} []
[2021-11-18 19:35:56] security.DEBUG: Read existing security token from the session. {"key":"_security_main","token_class":"Symfony\\Component\\Security\\Core\\Authentication\\Token\\UsernamePasswordToken"} []
[2021-11-18 19:35:56] security.DEBUG: User was reloaded from a user provider. {"provider":"PrestaShopBundle\\Security\\Admin\\EmployeeProvider","username":"admin@rsites.pl"} []
[2021-11-18 19:35:56] app.ERROR: Data from PrestaShop Addons is invalid, and cannot fallback on cache.  {"exception":"Unable to parse request"} []
[2021-11-18 19:35:56] app.INFO: Protect vendor folder in module ps_specials [] []
[2021-11-18 19:35:56] security.DEBUG: Stored the security token in the session. {"key":"_security_main"} []
